
          -------------------------------------------------------
          Amber 18 PMEMD                              2018
          -------------------------------------------------------

| PMEMD implementation of SANDER, Release 18

| Run on 12/12/2024 at 01:40:29

|   Executable path: pmemd.cuda
| Working directory: /scratch/22cy40031/Biman/MS-Biman/Mutations/hIYD_R101W
|          Hostname: gpu005

  [-O]verwriting output

File Assignments:
|   MDIN: heat1.in                                                              
|  MDOUT: heat1.out                                                             
| INPCRD: mini3.rst7                                                            
|   PARM: hIYD_R101W.parm7                                                      
| RESTRT: heat1.rst7                                                            
|   REFC: mini3.rst7                                                            
|  MDVEL: mdvel                                                                 
|   MDEN: mden                                                                  
|  MDCRD: heat1.nc                                                              
| MDINFO: heat1.mdinfo                                                          
|  MDFRC: mdfrc                                                                 


 Here is the input file:

Heat                                                                           
 &cntrl                                                                        
  imin=0, irest=0, ntx=1,                                                      
  ntpr=50000, ntwr=50000, ntwx=50000,                                          
  nstlim=1000000, dt=0.001, ntt=3,                                             
  gamma_ln=5.0, ig=-1, ntc=2,                                                  
  ntf=2, cut=8.0, ntb=1,                                                       
  tempi=0.0, temp0=300.0,                                                      
  ntp=0, nmropt=1, saltcon=0.15,                                               
  ioutfm=1,                                                                    
  ntr = 1, restraintmask = ':1-444 & !@H=', restraint_wt = 10.0,               
 /                                                                             
&wt type='TEMP0', istep1=0, istep2=1000000, value1=0.0, value2=300.0 /         
&wt type='END' /                                                               


Note: ig = -1. Setting random seed to   403802 based on wallclock time in 
      microseconds.
| irandom = 1, using AMBER's internal random number generator (default).
 
|--------------------- INFORMATION ----------------------
| GPU (CUDA) Version of PMEMD in use: NVIDIA GPU IN USE.
|                    Version 18.0.0
| 
|                      03/25/2018
| 
| Implementation by:
|                    Ross C. Walker     (SDSC)
|                    Scott Le Grand     (nVIDIA)
| 
| Version 18 performance extensions by:
|                    David Cerutti     (Rutgers)
| 
| Precision model in use:
|      [SPFP] - Single Precision Forces, 64-bit Fixed Point
|               Accumulation. (Default)
| 
|--------------------------------------------------------
 
|----------------- CITATION INFORMATION -----------------
|
|    When publishing work that utilized the CUDA version
|    of AMBER, please cite the following in addition to
|    the regular AMBER citations:
|
|  - Romelia Salomon-Ferrer; Andreas W. Goetz; Duncan
|    Poole; Scott Le Grand; Ross C. Walker "Routine
|    microsecond molecular dynamics simulations with
|    AMBER - Part II: Particle Mesh Ewald", J. Chem.
|    Theory Comput., 2013, 9 (9), pp3878-3888,
|    DOI: 10.1021/ct400314y.
|
|  - Andreas W. Goetz; Mark J. Williamson; Dong Xu;
|    Duncan Poole; Scott Le Grand; Ross C. Walker
|    "Routine microsecond molecular dynamics simulations
|    with AMBER - Part I: Generalized Born", J. Chem.
|    Theory Comput., 2012, 8 (5), pp1542-1555.
|
|  - Scott Le Grand; Andreas W. Goetz; Ross C. Walker
|    "SPFP: Speed without compromise - a mixed precision
|    model for GPU accelerated molecular dynamics
|    simulations.", Comp. Phys. Comm., 2013, 184
|    pp374-380, DOI: 10.1016/j.cpc.2012.09.022
|
|--------------------------------------------------------
 
|------------------- GPU DEVICE INFO --------------------
|
|            CUDA_VISIBLE_DEVICES: 0
|   CUDA Capable Devices Detected:      1
|           CUDA Device ID in use:      0
|                CUDA Device Name: Tesla V100-PCIE-16GB
|     CUDA Device Global Mem Size:  16160 MB
| CUDA Device Num Multiprocessors:     80
|           CUDA Device Core Freq:   1.38 GHz
|
|--------------------------------------------------------
 
 
| Conditional Compilation Defines Used:
| PUBFFT
| BINTRAJ
| CUDA
| EMIL

| Largest sphere to fit in unit cell has radius =    41.112

| New format PARM file being parsed.
| Version =    1.000 Date = 12/11/24 Time = 18:17:01

| Note: 1-4 EEL scale factors are being read from the topology file.

| Note: 1-4 VDW scale factors are being read from the topology file.
| Duplicated    0 dihedrals

| Duplicated    0 dihedrals

--------------------------------------------------------------------------------
   1.  RESOURCE   USE: 
--------------------------------------------------------------------------------

 getting box info from netcdf restart file
 NATOM  =   59829 NTYPES =      21 NBONH =   56029 MBONA  =    3752
 NTHETH =    8538 MTHETA =    5100 NPHIH =   16868 MPHIA  =   15918
 NHPARM =       0 NPARM  =       0 NNB   =  110988 NRES   =   18013
 NBONA  =    3752 NTHETA =    5100 NPHIA =   15918 NUMBND =     100
 NUMANG =     215 NPTRA  =     213 NATYP =      58 NPHB   =       1
 IFBOX  =       1 NMXRS  =      52 IFCAP =       0 NEXTRA =       0
 NCOPY  =       0

| Coordinate Index Table dimensions:    18   20   20
| Direct force subcell size =     4.5680    4.7060    4.6887

     BOX TYPE: RECTILINEAR

--------------------------------------------------------------------------------
   2.  CONTROL  DATA  FOR  THE  RUN
--------------------------------------------------------------------------------

default_name                                                                    

General flags:
     imin    =       0, nmropt  =       1

Nature and format of input:
     ntx     =       1, irest   =       0, ntrx    =       1

Nature and format of output:
     ntxo    =       2, ntpr    =   50000, ntrx    =       1, ntwr    =   50000
     iwrap   =       0, ntwx    =   50000, ntwv    =       0, ntwe    =       0
     ioutfm  =       1, ntwprt  =       0, idecomp =       0, rbornstat=      0

Potential function:
     ntf     =       2, ntb     =       1, igb     =       0, nsnb    =      25
     ipol    =       0, gbsa    =       0, iesp    =       0
     dielc   =   1.00000, cut     =   8.00000, intdiel =   1.00000

Frozen or restrained atoms:
     ibelly  =       0, ntr     =       1
     restraint_wt =  10.00000

Molecular dynamics:
     nstlim  =   1000000, nscm    =         0, nrespa  =         1
     t       =   0.00000, dt      =   0.00100, vlimit  =  -1.00000

Langevin dynamics temperature regulation:
     ig      =  403802
     temp0   = 300.00000, tempi   =   0.00000, gamma_ln=   5.00000

SHAKE:
     ntc     =       2, jfastw  =       0
     tol     =   0.00001

NMR refinement options:
     iscale  =       0, noeskp  =       1, ipnlty  =       1, mxsub   =       1
     scalm   = 100.00000, pencut  =   0.10000, tausw   =   0.10000

| Intermolecular bonds treatment:
|     no_intermolecular_bonds =       1

| Energy averages sample interval:
|     ene_avg_sampling =   50000

Ewald parameters:
     verbose =       0, ew_type =       0, nbflag  =       1, use_pme =       1
     vdwmeth =       1, eedmeth =       1, netfrc  =       1
     Box X =   82.224   Box Y =   94.119   Box Z =   93.774
     Alpha =   90.000   Beta  =   90.000   Gamma =   90.000
     NFFT1 =   84       NFFT2 =   96       NFFT3 =   96
     Cutoff=    8.000   Tol   =0.100E-04
     Ewald Coefficient =  0.34864
     Interpolation order =    4

    LOADING THE CONSTRAINED ATOMS AS GROUPS


   5.  REFERENCE ATOM COORDINATES

  default_name                                                                    
     Mask :1-444 & !@H=; matches  3660 atoms

--------------------------------------------------------------------------------
   3.  ATOMIC COORDINATES AND VELOCITIES
--------------------------------------------------------------------------------

default_name                                                                    
 begin time read from input coords =     0.000 ps



           Begin reading energy term weight changes/NMR restraints
 WEIGHT CHANGES:
 TEMP0         01000000    0.000000  300.000000      0      0

 RESTRAINTS:
                          ** No restraint defined **

                  Done reading weight changes/NMR restraints


 
 Number of triangulated 3-point waters found:    17429

     Sum of charges from parm topology file =  -0.00000612
     Forcing neutrality...

| Dynamic Memory, Types Used:
| Reals             1864866
| Integers          2335939

| Nonbonded Pairs Initial Allocation:     9992938

| GPU memory information (estimate):
| KB of GPU memory in use:         0
| KB of CPU memory in use:         0

--------------------------------------------------------------------------------
   4.  RESULTS
--------------------------------------------------------------------------------


 NSTEP =        0   TIME(PS) =       0.000  TEMP(K) =     0.00  PRESS =     0.0
 Etot   =   -268232.2388  EKtot   =         0.0000  EPtot      =   -268232.2388
 BOND   =       257.7564  ANGLE   =      1208.3039  DIHED      =      5129.2231
 1-4 NB =      1472.1688  1-4 EEL =     17670.8878  VDWAALS    =     48220.0545
 EELEC  =   -342190.6334  EHBOND  =         0.0000  RESTRAINT  =         0.0000
 ------------------------------------------------------------------------------

 NMR restraints: Bond =    0.000   Angle =     0.000   Torsion =     0.000
===============================================================================

 NSTEP =    50000   TIME(PS) =      50.000  TEMP(K) =    15.03  PRESS =     0.0
 Etot   =   -232137.9863  EKtot   =      1844.1509  EPtot      =   -233982.1372
 BOND   =       303.5509  ANGLE   =      1327.3197  DIHED      =      5159.6609
 1-4 NB =      1489.3114  1-4 EEL =     17675.9920  VDWAALS    =     38625.5377
 EELEC  =   -298624.8972  EHBOND  =         0.0000  RESTRAINT  =        61.3874
 EAMBER (non-restraint)  =   -234043.5246
 ------------------------------------------------------------------------------

 NMR restraints: Bond =    0.000   Angle =     0.000   Torsion =     0.000
===============================================================================

 NSTEP =   100000   TIME(PS) =     100.000  TEMP(K) =    29.86  PRESS =     0.0
 Etot   =   -229684.0368  EKtot   =      3662.4150  EPtot      =   -233346.4518
 BOND   =       346.9537  ANGLE   =      1473.0743  DIHED      =      5190.2951
 1-4 NB =      1502.5957  1-4 EEL =     17678.8433  VDWAALS    =     38254.4684
 EELEC  =   -297895.8551  EHBOND  =         0.0000  RESTRAINT  =       103.1729
 EAMBER (non-restraint)  =   -233449.6247
 ------------------------------------------------------------------------------

 NMR restraints: Bond =    0.000   Angle =     0.000   Torsion =     0.000
===============================================================================

 NSTEP =   150000   TIME(PS) =     150.000  TEMP(K) =    45.18  PRESS =     0.0
 Etot   =   -226853.0987  EKtot   =      5541.6147  EPtot      =   -232394.7135
 BOND   =       417.2788  ANGLE   =      1592.6946  DIHED      =      5207.9872
 1-4 NB =      1511.8844  1-4 EEL =     17671.7098  VDWAALS    =     37344.2120
 EELEC  =   -296280.7400  EHBOND  =         0.0000  RESTRAINT  =       140.2596
 EAMBER (non-restraint)  =   -232534.9731
 ------------------------------------------------------------------------------

 NMR restraints: Bond =    0.000   Angle =     0.000   Torsion =     0.000
===============================================================================

 NSTEP =   200000   TIME(PS) =     200.000  TEMP(K) =    60.09  PRESS =     0.0
 Etot   =   -224230.7136  EKtot   =      7371.4131  EPtot      =   -231602.1267
 BOND   =       471.9143  ANGLE   =      1712.7621  DIHED      =      5237.2953
 1-4 NB =      1516.8399  1-4 EEL =     17681.4829  VDWAALS    =     37079.4825
 EELEC  =   -295480.9084  EHBOND  =         0.0000  RESTRAINT  =       179.0048
 EAMBER (non-restraint)  =   -231781.1314
 ------------------------------------------------------------------------------

 NMR restraints: Bond =    0.000   Angle =     0.000   Torsion =     0.000
===============================================================================

 NSTEP =   250000   TIME(PS) =     250.000  TEMP(K) =    74.54  PRESS =     0.0
 Etot   =   -221463.2982  EKtot   =      9144.0391  EPtot      =   -230607.3373
 BOND   =       526.7793  ANGLE   =      1842.8139  DIHED      =      5263.9344
 1-4 NB =      1528.2345  1-4 EEL =     17671.5432  VDWAALS    =     36998.9019
 EELEC  =   -294645.0827  EHBOND  =         0.0000  RESTRAINT  =       205.5382
 EAMBER (non-restraint)  =   -230812.8754
 ------------------------------------------------------------------------------

 NMR restraints: Bond =    0.000   Angle =     0.000   Torsion =     0.000
===============================================================================

 NSTEP =   300000   TIME(PS) =     300.000  TEMP(K) =    89.84  PRESS =     0.0
 Etot   =   -218417.6093  EKtot   =     11020.4336  EPtot      =   -229438.0429
 BOND   =       587.7772  ANGLE   =      1988.8637  DIHED      =      5295.6219
 1-4 NB =      1538.9434  1-4 EEL =     17667.2324  VDWAALS    =     36182.3638
 EELEC  =   -292949.9393  EHBOND  =         0.0000  RESTRAINT  =       251.0941
 EAMBER (non-restraint)  =   -229689.1370
 ------------------------------------------------------------------------------

 NMR restraints: Bond =    0.000   Angle =     0.000   Torsion =     0.000
===============================================================================

 NSTEP =   350000   TIME(PS) =     350.000  TEMP(K) =   105.25  PRESS =     0.0
 Etot   =   -215154.8526  EKtot   =     12911.3516  EPtot      =   -228066.2042
 BOND   =       617.5800  ANGLE   =      2114.2269  DIHED      =      5332.8593
 1-4 NB =      1540.8619  1-4 EEL =     17686.0742  VDWAALS    =     35648.2431
 EELEC  =   -291285.0837  EHBOND  =         0.0000  RESTRAINT  =       279.0341
 EAMBER (non-restraint)  =   -228345.2383
 ------------------------------------------------------------------------------

 NMR restraints: Bond =    0.000   Angle =     0.000   Torsion =     0.000
===============================================================================

 NSTEP =   400000   TIME(PS) =     400.000  TEMP(K) =   120.02  PRESS =     0.0
 Etot   =   -212200.9347  EKtot   =     14722.7041  EPtot      =   -226923.6388
 BOND   =       693.8184  ANGLE   =      2249.3557  DIHED      =      5364.1699
 1-4 NB =      1536.8803  1-4 EEL =     17662.0122  VDWAALS    =     35199.1076
 EELEC  =   -289939.8015  EHBOND  =         0.0000  RESTRAINT  =       310.8185
 EAMBER (non-restraint)  =   -227234.4573
 ------------------------------------------------------------------------------

 NMR restraints: Bond =    0.000   Angle =     0.000   Torsion =     0.000
===============================================================================

 NSTEP =   450000   TIME(PS) =     450.000  TEMP(K) =   135.40  PRESS =     0.0
 Etot   =   -208776.0445  EKtot   =     16609.2578  EPtot      =   -225385.3024
 BOND   =       731.5526  ANGLE   =      2373.7408  DIHED      =      5362.1295
 1-4 NB =      1557.8648  1-4 EEL =     17657.9510  VDWAALS    =     34435.8846
 EELEC  =   -287855.2802  EHBOND  =         0.0000  RESTRAINT  =       350.8547
 EAMBER (non-restraint)  =   -225736.1570
 ------------------------------------------------------------------------------

 NMR restraints: Bond =    0.000   Angle =     0.000   Torsion =     0.000
===============================================================================

 NSTEP =   500000   TIME(PS) =     500.000  TEMP(K) =   150.45  PRESS =     0.0
 Etot   =   -205451.8032  EKtot   =     18455.4395  EPtot      =   -223907.2427
 BOND   =       787.2503  ANGLE   =      2518.6042  DIHED      =      5405.7530
 1-4 NB =      1567.9785  1-4 EEL =     17658.1337  VDWAALS    =     33667.9430
 EELEC  =   -285886.6314  EHBOND  =         0.0000  RESTRAINT  =       373.7260
 EAMBER (non-restraint)  =   -224280.9687
 ------------------------------------------------------------------------------

 NMR restraints: Bond =    0.000   Angle =     0.000   Torsion =     0.000
===============================================================================

 NSTEP =   550000   TIME(PS) =     550.000  TEMP(K) =   164.44  PRESS =     0.0
 Etot   =   -201717.8194  EKtot   =     20171.4453  EPtot      =   -221889.2647
 BOND   =       825.5995  ANGLE   =      2674.4508  DIHED      =      5439.1124
 1-4 NB =      1564.8432  1-4 EEL =     17612.9429  VDWAALS    =     33218.6624
 EELEC  =   -283637.0643  EHBOND  =         0.0000  RESTRAINT  =       412.1885
 EAMBER (non-restraint)  =   -222301.4532
 ------------------------------------------------------------------------------

 NMR restraints: Bond =    0.000   Angle =     0.000   Torsion =     0.000
===============================================================================

 NSTEP =   600000   TIME(PS) =     600.000  TEMP(K) =   180.54  PRESS =     0.0
 Etot   =   -197809.4434  EKtot   =     22146.3027  EPtot      =   -219955.7461
 BOND   =       891.4423  ANGLE   =      2741.5356  DIHED      =      5455.6746
 1-4 NB =      1599.9733  1-4 EEL =     17700.9040  VDWAALS    =     32367.3544
 EELEC  =   -281150.7208  EHBOND  =         0.0000  RESTRAINT  =       438.0904
 EAMBER (non-restraint)  =   -220393.8365
 ------------------------------------------------------------------------------

 NMR restraints: Bond =    0.000   Angle =     0.000   Torsion =     0.000
===============================================================================

 NSTEP =   650000   TIME(PS) =     650.000  TEMP(K) =   195.77  PRESS =     0.0
 Etot   =   -192627.5150  EKtot   =     24014.8418  EPtot      =   -216642.3568
 BOND   =       908.3264  ANGLE   =      2928.1378  DIHED      =      5510.2458
 1-4 NB =      1614.7445  1-4 EEL =     17719.5087  VDWAALS    =     30825.0828
 EELEC  =   -276627.8235  EHBOND  =         0.0000  RESTRAINT  =       479.4207
 EAMBER (non-restraint)  =   -217121.7775
 ------------------------------------------------------------------------------

 NMR restraints: Bond =    0.000   Angle =     0.000   Torsion =     0.000
===============================================================================

 NSTEP =   700000   TIME(PS) =     700.000  TEMP(K) =   209.48  PRESS =     0.0
 Etot   =   -186609.4024  EKtot   =     25695.7539  EPtot      =   -212305.1563
 BOND   =      1015.5709  ANGLE   =      3012.1104  DIHED      =      5520.5984
 1-4 NB =      1605.6977  1-4 EEL =     17631.4976  VDWAALS    =     28502.2888
 EELEC  =   -270110.2970  EHBOND  =         0.0000  RESTRAINT  =       517.3768
 EAMBER (non-restraint)  =   -212822.5331
 ------------------------------------------------------------------------------

 NMR restraints: Bond =    0.000   Angle =     0.000   Torsion =     0.000
===============================================================================

 NSTEP =   750000   TIME(PS) =     750.000  TEMP(K) =   225.59  PRESS =     0.0
 Etot   =   -180591.9992  EKtot   =     27672.8105  EPtot      =   -208264.8098
 BOND   =      1058.8701  ANGLE   =      3175.4409  DIHED      =      5564.9625
 1-4 NB =      1631.1372  1-4 EEL =     17630.4670  VDWAALS    =     27001.0329
 EELEC  =   -264879.4175  EHBOND  =         0.0000  RESTRAINT  =       552.6972
 EAMBER (non-restraint)  =   -208817.5070
 ------------------------------------------------------------------------------

 NMR restraints: Bond =    0.000   Angle =     0.000   Torsion =     0.000
===============================================================================

 NSTEP =   800000   TIME(PS) =     800.000  TEMP(K) =   240.22  PRESS =     0.0
 Etot   =   -175212.9572  EKtot   =     29467.6406  EPtot      =   -204680.5978
 BOND   =      1087.5561  ANGLE   =      3321.5059  DIHED      =      5598.6620
 1-4 NB =      1624.6117  1-4 EEL =     17642.7566  VDWAALS    =     25758.6521
 EELEC  =   -260311.5378  EHBOND  =         0.0000  RESTRAINT  =       597.1957
 EAMBER (non-restraint)  =   -205277.7935
 ------------------------------------------------------------------------------

 NMR restraints: Bond =    0.000   Angle =     0.000   Torsion =     0.000
===============================================================================

 NSTEP =   850000   TIME(PS) =     850.000  TEMP(K) =   253.62  PRESS =     0.0
 Etot   =   -169413.5634  EKtot   =     31111.3340  EPtot      =   -200524.8974
 BOND   =      1156.1826  ANGLE   =      3384.8911  DIHED      =      5640.9893
 1-4 NB =      1637.1660  1-4 EEL =     17659.4409  VDWAALS    =     24380.5373
 EELEC  =   -255001.6493  EHBOND  =         0.0000  RESTRAINT  =       617.5446
 EAMBER (non-restraint)  =   -201142.4420
 ------------------------------------------------------------------------------

 NMR restraints: Bond =    0.000   Angle =     0.000   Torsion =     0.000
===============================================================================

 NSTEP =   900000   TIME(PS) =     900.000  TEMP(K) =   269.46  PRESS =     0.0
 Etot   =   -164153.0721  EKtot   =     33053.6250  EPtot      =   -197206.6971
 BOND   =      1223.4173  ANGLE   =      3535.1919  DIHED      =      5650.1079
 1-4 NB =      1622.9146  1-4 EEL =     17622.5496  VDWAALS    =     22985.4315
 EELEC  =   -250485.8683  EHBOND  =         0.0000  RESTRAINT  =       639.5585
 EAMBER (non-restraint)  =   -197846.2555
 ------------------------------------------------------------------------------

 NMR restraints: Bond =    0.000   Angle =     0.000   Torsion =     0.000
===============================================================================

 NSTEP =   950000   TIME(PS) =     950.000  TEMP(K) =   285.05  PRESS =     0.0
 Etot   =   -158348.7883  EKtot   =     34966.8047  EPtot      =   -193315.5930
 BOND   =      1279.7950  ANGLE   =      3680.4543  DIHED      =      5649.7584
 1-4 NB =      1652.2349  1-4 EEL =     17668.3090  VDWAALS    =     22209.5438
 EELEC  =   -246165.2486  EHBOND  =         0.0000  RESTRAINT  =       709.5603
 EAMBER (non-restraint)  =   -194025.1533
 ------------------------------------------------------------------------------

 NMR restraints: Bond =    0.000   Angle =     0.000   Torsion =     0.000
===============================================================================

 NSTEP =  1000000   TIME(PS) =    1000.000  TEMP(K) =   300.46  PRESS =     0.0
 Etot   =   -152200.1577  EKtot   =     36856.2383  EPtot      =   -189056.3959
 BOND   =      1366.8046  ANGLE   =      3890.5877  DIHED      =      5693.3741
 1-4 NB =      1656.6243  1-4 EEL =     17635.9439  VDWAALS    =     21036.0582
 EELEC  =   -241075.9244  EHBOND  =         0.0000  RESTRAINT  =       740.1357
 EAMBER (non-restraint)  =   -189796.5317
 ------------------------------------------------------------------------------

 NMR restraints: Bond =    0.000   Angle =     0.000   Torsion =     0.000
===============================================================================

      A V E R A G E S   O V E R      20 S T E P S


 NSTEP =  1000000   TIME(PS) =    1000.000  TEMP(K) =   157.52  PRESS =     0.0
 Etot   =   -198652.7548  EKtot   =     19321.9808  EPtot      =   -217974.7356
 BOND   =       814.9010  ANGLE   =      2576.8881  DIHED      =      5427.1596
 1-4 NB =      1575.0671  1-4 EEL =     17661.7647  VDWAALS    =     31586.0394
 EELEC  =   -278014.4886  EHBOND  =         0.0000  RESTRAINT  =       397.9329
 EAMBER (non-restraint)  =   -218372.6686
 ------------------------------------------------------------------------------

 NMR restraints: Bond =    0.000   Angle =     0.000   Torsion =     0.000
===============================================================================

      R M S  F L U C T U A T I O N S


 NSTEP =  1000000   TIME(PS) =    1000.000  TEMP(K) =    86.47  PRESS =     0.0
 Etot   =     24437.3914  EKtot   =     10606.7225  EPtot      =     14059.7403
 BOND   =       311.8508  ANGLE   =       759.0400  DIHED      =       166.4451
 1-4 NB =        51.9852  1-4 EEL =        25.9669  VDWAALS    =      5671.1975
 EELEC  =     18294.2445  EHBOND  =         0.0000  RESTRAINT  =       200.5971
 EAMBER (non-restraint)  =     13859.1431
 ------------------------------------------------------------------------------


 NMR restraints on final step:

--------------------------------------------------------------------------------
   5.  TIMINGS
--------------------------------------------------------------------------------

|  NonSetup CPU Time in Major Routines:
|
|     Routine           Sec        %
|     ------------------------------
|     Nonbond         134.37   26.19
|     Bond              0.00    0.00
|     Angle             0.00    0.00
|     Dihedral          0.00    0.00
|     Shake             4.21    0.82
|     RunMD           371.80   72.46
|     Other             2.73    0.53
|     ------------------------------
|     Total           513.11

|  PME Nonbond Pairlist CPU Time:
|
|     Routine              Sec        %
|     ---------------------------------
|     Set Up Cit           0.00    0.00
|     Build List           0.00    0.00
|     ---------------------------------
|     Total                0.00    0.00

|  PME Direct Force CPU Time:
|
|     Routine              Sec        %
|     ---------------------------------
|     NonBonded Calc       0.00    0.00
|     Exclude Masked       0.00    0.00
|     Other                1.76    0.34
|     ---------------------------------
|     Total                1.76    0.34

|  PME Reciprocal Force CPU Time:
|
|     Routine              Sec        %
|     ---------------------------------
|     1D bspline           0.00    0.00
|     Grid Charges         0.00    0.00
|     Scalar Sum           0.00    0.00
|     Gradient Sum         0.00    0.00
|     FFT                  0.00    0.00
|     ---------------------------------
|     Total                0.00    0.00

|  Final Performance Info:
|     -----------------------------------------------------
|     Average timings for last  100000 steps:
|     Elapsed(s) =      53.46 Per Step(ms) =       0.53
|         ns/day =     161.62   seconds/ns =     534.59
|
|     Average timings for all steps:
|     Elapsed(s) =     513.46 Per Step(ms) =       0.51
|         ns/day =     168.27   seconds/ns =     513.46
|     -----------------------------------------------------

|  Setup CPU time:            1.90 seconds
|  NonSetup CPU time:       513.11 seconds
|  Total CPU time:          515.01 seconds     0.14 hours

|  Setup wall time:           4    seconds
|  NonSetup wall time:      513    seconds
|  Total wall time:         517    seconds     0.14 hours
