
          -------------------------------------------------------
          Amber 18 SANDER                              2018
          -------------------------------------------------------

| Run on 12/12/2024 at 01:15:05

|   Executable path: /home/sabyashachicy/amber18/bin/sander.MPI
| Working directory: /scratch/22cy40031/Biman/MS-Biman/Mutations/hIYD_R101W
|          Hostname: cn295

  [-O]verwriting output

File Assignments:
|  MDIN: mini3.in                                                              
| MDOUT: mini3.out                                                             
|INPCRD: mini2.rst7                                                            
|  PARM: hIYD_R101W.parm7                                                      
|RESTRT: mini3.rst7                                                            
|  REFC: mini2.rst7                                                            
| MDVEL: mdvel                                                                 
| MDFRC: mdfrc                                                                 
|  MDEN: mden                                                                  
| MDCRD: mdcrd                                                                 
|MDINFO: mini3.mdinfo                                                          
|  MTMD: mtmd                                                                  
|INPDIP: inpdip                                                                
|RSTDIP: rstdip                                                                
|INPTRA: inptraj                                                               

|    REMLOG: rem.log
|   REMTYPE: rem.type
|  REMSTRIP: 
|   SAVEENE: saveene
|CLUSTERINF: cluster.info
| RESERVOIR: reserv/frame
|   REMDDIM: 


 Here is the input file:

Minimize                                                                       
 &cntrl                                                                        
  imin=1,                                                                      
  ntx=1,                                                                       
  irest=0,                                                                     
  maxcyc=10000,                                                                
  ncyc=5000,                                                                   
  ntpr=100,                                                                    
  ntwx=0,                                                                      
  ntr=0,                                                                       
  ntb=1,                                                                       
  cut=10.0,                                                                    
  saltcon=0.15,                                                                
  ioutfm=1,                                                                    
/                                                                              

--------------------------------------------------------------------------------
   1.  RESOURCE   USE: 
--------------------------------------------------------------------------------

| Flags: MPI                                                                    
 getting box info from netcdf restart file
| NetCDF restart box info found
|Largest sphere to fit in unit cell has radius =    41.112
| New format PARM file being parsed.
| Version =    1.000 Date = 12/11/24 Time = 18:17:01
 NATOM  =   59829 NTYPES =      21 NBONH =   56029 MBONA  =    3752
 NTHETH =    8538 MTHETA =    5100 NPHIH =   16868 MPHIA  =   15918
 NHPARM =       0 NPARM  =       0 NNB   =  110988 NRES   =   18013
 NBONA  =    3752 NTHETA =    5100 NPHIA =   15918 NUMBND =     100
 NUMANG =     215 NPTRA  =     213 NATYP =      58 NPHB   =       1
 IFBOX  =       1 NMXRS  =      52 IFCAP =       0 NEXTRA =       0
 NCOPY  =       0


|     Memory Use     Allocated
|     Real             4933570
|     Hollerith         197502
|     Integer          2958544
|     Max Pairs        1435896
|     nblistReal        717948
|     nblist Int       2112124
|       Total            70340 kbytes

| Note: 1-4 EEL scale factors are being read from the topology file.

| Note: 1-4 VDW scale factors are being read from the topology file.
| Duplicated    0 dihedrals
| Duplicated    0 dihedrals

     BOX TYPE: RECTILINEAR

--------------------------------------------------------------------------------
   2.  CONTROL  DATA  FOR  THE  RUN
--------------------------------------------------------------------------------

default_name                                                                    

General flags:
     imin    =       1, nmropt  =       0

Nature and format of input:
     ntx     =       1, irest   =       0, ntrx    =       1

Nature and format of output:
     ntxo    =       2, ntpr    =     100, ntrx    =       1, ntwr    =       1
     iwrap   =       0, ntwx    =       0, ntwv    =       0, ntwe    =       0
     ioutfm  =       1, ntwprt  =       0, idecomp =       0, rbornstat=      0

Potential function:
     ntf     =       1, ntb     =       1, igb     =       0, nsnb    =      25
     ipol    =       0, gbsa    =       0, iesp    =       0
     dielc   =   1.00000, cut     =  10.00000, intdiel =   1.00000

Frozen or restrained atoms:
     ibelly  =       0, ntr     =       0

Energy minimization:
     maxcyc  =   10000, ncyc    =    5000, ntmin   =       1
     dx0     =   0.01000, drms    =   0.00010

Ewald parameters:
     verbose =       0, ew_type =       0, nbflag  =       1, use_pme =       1
     vdwmeth =       1, eedmeth =       1, netfrc  =       0
     Box X =   82.224   Box Y =   94.119   Box Z =   93.774
     Alpha =   90.000   Beta  =   90.000   Gamma =   90.000
     NFFT1 =   90       NFFT2 =   96       NFFT3 =   96
     Cutoff=   10.000   Tol   =0.100E-04
     Ewald Coefficient =  0.27511
     Interpolation order =    4

| MPI Timing options:
|      profile_mpi =        0
|  INFO: Old style inpcrd file read


--------------------------------------------------------------------------------
   3.  ATOMIC COORDINATES AND VELOCITIES
--------------------------------------------------------------------------------

default_name                                                                    
 begin time read from input coords =     0.000 ps

 Number of triangulated 3-point waters found:    17429
|  Atom division among processors:
|         0    1881    3739    5609    7476    9345   11214   13083
|     14952   16821   18690   20559   22428   24297   26166   28035
|     29904   31773   33642   35511   37380   39249   41118   42987
|     44856   46725   48594   50463   52332   54201   56070   57939
|     59829

     Sum of charges from parm topology file =  -0.00000612
     Forcing neutrality...
|  Running AMBER/MPI version on   32 nodes


--------------------------------------------------------------------------------
   4.  RESULTS
--------------------------------------------------------------------------------

 ---------------------------------------------------
 APPROXIMATING switch and d/dx switch using CUBIC SPLINE INTERPOLATION
 using   5000.0 points per unit in tabled values
 TESTING RELATIVE ERROR over r ranging from 0.0 to cutoff
| CHECK switch(x): max rel err =   0.2738E-14   at   2.422500
| CHECK d/dx switch(x): max rel err =   0.8314E-11   at   2.736960
 ---------------------------------------------------
| Local SIZE OF NONBOND LIST =     590873
| TOTAL SIZE OF NONBOND LIST =   18388040


   NSTEP       ENERGY          RMS            GMAX         NAME    NUMBER
      1      -2.4296E+05     4.7518E-01     2.3523E+01     H12      7365

 BOND    =    17352.1519  ANGLE   =     1203.4733  DIHED      =     5162.9301
 VDWAALS =    41738.3241  EEL     =  -327591.7370  HBOND      =        0.0000
 1-4 VDW =     1472.4024  1-4 EEL =    17700.0080  RESTRAINT  =        0.0000


   NSTEP       ENERGY          RMS            GMAX         NAME    NUMBER
    100      -2.4314E+05     9.3250E-02     6.6065E+00     H11      7363

 BOND    =    17381.2059  ANGLE   =     1205.1259  DIHED      =     5160.6830
 VDWAALS =    41807.3702  EEL     =  -327840.2333  HBOND      =        0.0000
 1-4 VDW =     1464.1632  1-4 EEL =    17684.5675  RESTRAINT  =        0.0000


   NSTEP       ENERGY          RMS            GMAX         NAME    NUMBER
    200      -2.4325E+05     3.2949E-01     3.4461E+01     CE3      1055

 BOND    =    17402.4386  ANGLE   =     1205.9815  DIHED      =     5159.8009
 VDWAALS =    41891.6068  EEL     =  -328049.4594  HBOND      =        0.0000
 1-4 VDW =     1463.2068  1-4 EEL =    17680.2776  RESTRAINT  =        0.0000


   NSTEP       ENERGY          RMS            GMAX         NAME    NUMBER
    300      -2.4335E+05     2.7359E-01     2.3697E+01     CE3      1055

 BOND    =    17420.1852  ANGLE   =     1205.2436  DIHED      =     5158.5036
 VDWAALS =    41971.3895  EEL     =  -328249.3047  HBOND      =        0.0000
 1-4 VDW =     1462.6114  1-4 EEL =    17677.5065  RESTRAINT  =        0.0000


   NSTEP       ENERGY          RMS            GMAX         NAME    NUMBER
    400      -2.4346E+05     2.5870E-01     1.9818E+01     CE3      1055

 BOND    =    17438.4035  ANGLE   =     1205.4115  DIHED      =     5157.3255
 VDWAALS =    42046.8389  EEL     =  -328447.2679  HBOND      =        0.0000
 1-4 VDW =     1461.8816  1-4 EEL =    17676.3529  RESTRAINT  =        0.0000


   NSTEP       ENERGY          RMS            GMAX         NAME    NUMBER
    500      -2.4357E+05     1.4932E-01     9.6745E+00     C4       7344

 BOND    =    17456.8220  ANGLE   =     1204.8482  DIHED      =     5155.7990
 VDWAALS =    42125.9684  EEL     =  -328649.1485  HBOND      =        0.0000
 1-4 VDW =     1461.7365  1-4 EEL =    17677.3698  RESTRAINT  =        0.0000


   NSTEP       ENERGY          RMS            GMAX         NAME    NUMBER
    600      -2.4366E+05     1.2898E-01     7.1275E+00     CG        399

 BOND    =    17473.7959  ANGLE   =     1204.4619  DIHED      =     5154.7476
 VDWAALS =    42200.8729  EEL     =  -328831.1577  HBOND      =        0.0000
 1-4 VDW =     1461.5864  1-4 EEL =    17676.9688  RESTRAINT  =        0.0000


   NSTEP       ENERGY          RMS            GMAX         NAME    NUMBER
    700      -2.4375E+05     9.0089E-02     3.1790E+00     CG        399

 BOND    =    17490.2193  ANGLE   =     1204.3202  DIHED      =     5153.6148
 VDWAALS =    42273.3158  EEL     =  -329006.1267  HBOND      =        0.0000
 1-4 VDW =     1461.4447  1-4 EEL =    17676.2795  RESTRAINT  =        0.0000


   NSTEP       ENERGY          RMS            GMAX         NAME    NUMBER
    800      -2.4383E+05     1.0029E-01     4.8285E+00     CG        399

 BOND    =    17506.5416  ANGLE   =     1204.3692  DIHED      =     5152.3521
 VDWAALS =    42344.0366  EEL     =  -329178.5167  HBOND      =        0.0000
 1-4 VDW =     1461.2455  1-4 EEL =    17675.7316  RESTRAINT  =        0.0000


   NSTEP       ENERGY          RMS            GMAX         NAME    NUMBER
    900      -2.4392E+05     2.7330E-01     1.9731E+01     CG        399

 BOND    =    17523.9064  ANGLE   =     1204.7464  DIHED      =     5151.0598
 VDWAALS =    42412.1290  EEL     =  -329345.5098  HBOND      =        0.0000
 1-4 VDW =     1460.9854  1-4 EEL =    17675.1842  RESTRAINT  =        0.0000


   NSTEP       ENERGY          RMS            GMAX         NAME    NUMBER
   1000      -2.4400E+05     2.7386E-01     2.0601E+01     C2       7341

 BOND    =    17540.1089  ANGLE   =     1204.9236  DIHED      =     5149.9846
 VDWAALS =    42481.7745  EEL     =  -329515.4381  HBOND      =        0.0000
 1-4 VDW =     1460.9116  1-4 EEL =    17674.2339  RESTRAINT  =        0.0000


   NSTEP       ENERGY          RMS            GMAX         NAME    NUMBER
   1100      -2.4408E+05     2.0877E-01     1.7581E+01     CG        399

 BOND    =    17554.3563  ANGLE   =     1204.9654  DIHED      =     5149.1331
 VDWAALS =    42549.0654  EEL     =  -329675.8659  HBOND      =        0.0000
 1-4 VDW =     1460.5463  1-4 EEL =    17673.7548  RESTRAINT  =        0.0000


   NSTEP       ENERGY          RMS            GMAX         NAME    NUMBER
   1200      -2.4416E+05     1.2032E-01     7.9595E+00     CG        399

 BOND    =    17569.0040  ANGLE   =     1204.8013  DIHED      =     5148.3718
 VDWAALS =    42617.5398  EEL     =  -329837.0409  HBOND      =        0.0000
 1-4 VDW =     1460.4666  1-4 EEL =    17673.1816  RESTRAINT  =        0.0000


   NSTEP       ENERGY          RMS            GMAX         NAME    NUMBER
   1300      -2.4424E+05     8.0108E-02     3.1662E+00     CG        399

 BOND    =    17583.4158  ANGLE   =     1204.8294  DIHED      =     5147.2629
 VDWAALS =    42683.2954  EEL     =  -329990.4964  HBOND      =        0.0000
 1-4 VDW =     1460.2986  1-4 EEL =    17672.9253  RESTRAINT  =        0.0000


   NSTEP       ENERGY          RMS            GMAX         NAME    NUMBER
   1400      -2.4431E+05     3.1738E-01     2.5273E+01     CG        399

 BOND    =    17599.9015  ANGLE   =     1205.4175  DIHED      =     5145.7140
 VDWAALS =    42748.2472  EEL     =  -330141.6590  HBOND      =        0.0000
 1-4 VDW =     1459.9730  1-4 EEL =    17672.5191  RESTRAINT  =        0.0000


   NSTEP       ENERGY          RMS            GMAX         NAME    NUMBER
   1500      -2.4438E+05     2.9782E-01     3.2556E+01     C4       7344

 BOND    =    17614.2637  ANGLE   =     1205.9467  DIHED      =     5144.5668
 VDWAALS =    42811.8553  EEL     =  -330291.0422  HBOND      =        0.0000
 1-4 VDW =     1459.9338  1-4 EEL =    17671.3545  RESTRAINT  =        0.0000


   NSTEP       ENERGY          RMS            GMAX         NAME    NUMBER
   1600      -2.4446E+05     2.2222E-01     2.0443E+01     CG        399

 BOND    =    17627.7143  ANGLE   =     1206.3305  DIHED      =     5143.9516
 VDWAALS =    42875.6081  EEL     =  -330440.5186  HBOND      =        0.0000
 1-4 VDW =     1459.4811  1-4 EEL =    17670.4688  RESTRAINT  =        0.0000


   NSTEP       ENERGY          RMS            GMAX         NAME    NUMBER
   1700      -2.4453E+05     1.9455E-01     1.6182E+01     CG        399

 BOND    =    17641.7394  ANGLE   =     1206.3851  DIHED      =     5143.6617
 VDWAALS =    42938.0994  EEL     =  -330586.2247  HBOND      =        0.0000
 1-4 VDW =     1459.4042  1-4 EEL =    17669.4738  RESTRAINT  =        0.0000


   NSTEP       ENERGY          RMS            GMAX         NAME    NUMBER
   1800      -2.4460E+05     1.2941E-01     1.0791E+01     CG        399

 BOND    =    17655.4979  ANGLE   =     1206.5876  DIHED      =     5143.3283
 VDWAALS =    43000.7270  EEL     =  -330731.3925  HBOND      =        0.0000
 1-4 VDW =     1459.2378  1-4 EEL =    17668.7458  RESTRAINT  =        0.0000


   NSTEP       ENERGY          RMS            GMAX         NAME    NUMBER
   1900      -2.4467E+05     7.2719E-02     2.1222E+00     CG        399

 BOND    =    17669.3776  ANGLE   =     1206.5955  DIHED      =     5143.0565
 VDWAALS =    43062.2644  EEL     =  -330874.0200  HBOND      =        0.0000
 1-4 VDW =     1459.1743  1-4 EEL =    17667.9759  RESTRAINT  =        0.0000


   NSTEP       ENERGY          RMS            GMAX         NAME    NUMBER
   2000      -2.4473E+05     9.3875E-02     6.3280E+00     CG        399

 BOND    =    17683.9074  ANGLE   =     1206.7251  DIHED      =     5142.7605
 VDWAALS =    43125.8300  EEL     =  -331019.7762  HBOND      =        0.0000
 1-4 VDW =     1459.0548  1-4 EEL =    17667.2687  RESTRAINT  =        0.0000


   NSTEP       ENERGY          RMS            GMAX         NAME    NUMBER
   2100      -2.4480E+05     2.5653E-01     2.2440E+01     CG        399

 BOND    =    17699.6337  ANGLE   =     1206.9969  DIHED      =     5142.4692
 VDWAALS =    43188.9811  EEL     =  -331163.3729  HBOND      =        0.0000
 1-4 VDW =     1458.9144  1-4 EEL =    17666.6137  RESTRAINT  =        0.0000


   NSTEP       ENERGY          RMS            GMAX         NAME    NUMBER
   2200      -2.4486E+05     2.2988E-01     2.3836E+01     C4       7344

 BOND    =    17712.9464  ANGLE   =     1206.9320  DIHED      =     5142.2929
 VDWAALS =    43249.3568  EEL     =  -331300.3881  HBOND      =        0.0000
 1-4 VDW =     1458.8995  1-4 EEL =    17665.9424  RESTRAINT  =        0.0000


   NSTEP       ENERGY          RMS            GMAX         NAME    NUMBER
   2300      -2.4493E+05     1.9413E-01     1.7871E+01     CG        399

 BOND    =    17726.8064  ANGLE   =     1206.9955  DIHED      =     5142.1062
 VDWAALS =    43310.0961  EEL     =  -331438.8439  HBOND      =        0.0000
 1-4 VDW =     1458.8617  1-4 EEL =    17665.4820  RESTRAINT  =        0.0000


   NSTEP       ENERGY          RMS            GMAX         NAME    NUMBER
   2400      -2.4499E+05     1.2499E-01     1.0342E+01     CG        399

 BOND    =    17740.1107  ANGLE   =     1206.8869  DIHED      =     5142.0987
 VDWAALS =    43370.1046  EEL     =  -331575.5492  HBOND      =        0.0000
 1-4 VDW =     1458.9351  1-4 EEL =    17665.1455  RESTRAINT  =        0.0000


   NSTEP       ENERGY          RMS            GMAX         NAME    NUMBER
   2500      -2.4505E+05     1.2114E-01     9.8237E+00     CG        399

 BOND    =    17753.6279  ANGLE   =     1207.0076  DIHED      =     5142.1036
 VDWAALS =    43429.6483  EEL     =  -331710.8819  HBOND      =        0.0000
 1-4 VDW =     1459.0005  1-4 EEL =    17665.2018  RESTRAINT  =        0.0000


   NSTEP       ENERGY          RMS            GMAX         NAME    NUMBER
   2600      -2.4512E+05     9.5471E-02     6.6909E+00     CG        399

 BOND    =    17766.6927  ANGLE   =     1206.9756  DIHED      =     5142.2043
 VDWAALS =    43487.8651  EEL     =  -331843.4208  HBOND      =        0.0000
 1-4 VDW =     1459.1663  1-4 EEL =    17665.2703  RESTRAINT  =        0.0000


   NSTEP       ENERGY          RMS            GMAX         NAME    NUMBER
   2700      -2.4517E+05     2.6077E-01     2.2656E+01     C4       7268

 BOND    =    17780.6075  ANGLE   =     1207.0975  DIHED      =     5142.3188
 VDWAALS =    43545.1189  EEL     =  -331972.8502  HBOND      =        0.0000
 1-4 VDW =     1459.3215  1-4 EEL =    17665.3912  RESTRAINT  =        0.0000


   NSTEP       ENERGY          RMS            GMAX         NAME    NUMBER
   2800      -2.4523E+05     2.2022E-01     1.9978E+01     C4       7268

 BOND    =    17792.3266  ANGLE   =     1207.0559  DIHED      =     5142.3837
 VDWAALS =    43601.0293  EEL     =  -332099.1772  HBOND      =        0.0000
 1-4 VDW =     1459.5024  1-4 EEL =    17665.6135  RESTRAINT  =        0.0000


   NSTEP       ENERGY          RMS            GMAX         NAME    NUMBER
   2900      -2.4529E+05     1.9354E-01     1.6512E+01     CG        399

 BOND    =    17804.4940  ANGLE   =     1206.7704  DIHED      =     5142.5417
 VDWAALS =    43656.9013  EEL     =  -332224.6834  HBOND      =        0.0000
 1-4 VDW =     1459.7689  1-4 EEL =    17665.8312  RESTRAINT  =        0.0000


   NSTEP       ENERGY          RMS            GMAX         NAME    NUMBER
   3000      -2.4534E+05     1.5362E-01     1.3463E+01     CG        399

 BOND    =    17816.5091  ANGLE   =     1206.7986  DIHED      =     5142.4732
 VDWAALS =    43714.1079  EEL     =  -332349.9328  HBOND      =        0.0000
 1-4 VDW =     1459.9414  1-4 EEL =    17666.0408  RESTRAINT  =        0.0000


   NSTEP       ENERGY          RMS            GMAX         NAME    NUMBER
   3100      -2.4540E+05     8.4236E-02     5.2588E+00     CG        399

 BOND    =    17827.9278  ANGLE   =     1206.6573  DIHED      =     5142.2139
 VDWAALS =    43769.8320  EEL     =  -332468.6027  HBOND      =        0.0000
 1-4 VDW =     1460.1083  1-4 EEL =    17665.9318  RESTRAINT  =        0.0000


   NSTEP       ENERGY          RMS            GMAX         NAME    NUMBER
   3200      -2.4545E+05     6.5178E-02     2.7783E+00     CG        399

 BOND    =    17839.1476  ANGLE   =     1206.6333  DIHED      =     5141.8599
 VDWAALS =    43823.6332  EEL     =  -332583.3100  HBOND      =        0.0000
 1-4 VDW =     1460.2096  1-4 EEL =    17665.7709  RESTRAINT  =        0.0000


   NSTEP       ENERGY          RMS            GMAX         NAME    NUMBER
   3300      -2.4549E+05     2.6157E-01     2.7847E+01     C4       7268

 BOND    =    17851.2403  ANGLE   =     1206.9162  DIHED      =     5141.4994
 VDWAALS =    43875.5245  EEL     =  -332693.6314  HBOND      =        0.0000
 1-4 VDW =     1460.2551  1-4 EEL =    17665.6104  RESTRAINT  =        0.0000


   NSTEP       ENERGY          RMS            GMAX         NAME    NUMBER
   3400      -2.4554E+05     2.0438E-01     1.7552E+01     CG        399

 BOND    =    17861.5939  ANGLE   =     1206.4986  DIHED      =     5141.2096
 VDWAALS =    43924.7082  EEL     =  -332799.8259  HBOND      =        0.0000
 1-4 VDW =     1460.4211  1-4 EEL =    17665.2963  RESTRAINT  =        0.0000


   NSTEP       ENERGY          RMS            GMAX         NAME    NUMBER
   3500      -2.4559E+05     1.9699E-01     1.6291E+01     C4       7268

 BOND    =    17871.1401  ANGLE   =     1206.5729  DIHED      =     5140.8517
 VDWAALS =    43970.7140  EEL     =  -332900.6095  HBOND      =        0.0000
 1-4 VDW =     1460.4038  1-4 EEL =    17665.0585  RESTRAINT  =        0.0000


   NSTEP       ENERGY          RMS            GMAX         NAME    NUMBER
   3600      -2.4563E+05     9.6197E-02     6.6769E+00     CG        399

 BOND    =    17880.5602  ANGLE   =     1206.2819  DIHED      =     5140.5736
 VDWAALS =    44015.5458  EEL     =  -333000.7685  HBOND      =        0.0000
 1-4 VDW =     1460.5030  1-4 EEL =    17664.6658  RESTRAINT  =        0.0000


   NSTEP       ENERGY          RMS            GMAX         NAME    NUMBER
   3700      -2.4568E+05     8.2954E-02     5.4937E+00     CG        399

 BOND    =    17890.2246  ANGLE   =     1206.2649  DIHED      =     5140.2739
 VDWAALS =    44058.8848  EEL     =  -333098.7292  HBOND      =        0.0000
 1-4 VDW =     1460.5118  1-4 EEL =    17664.2787  RESTRAINT  =        0.0000


   NSTEP       ENERGY          RMS            GMAX         NAME    NUMBER
   3800      -2.4572E+05     9.0232E-02     6.8380E+00     CG        399

 BOND    =    17899.9663  ANGLE   =     1206.1616  DIHED      =     5140.0285
 VDWAALS =    44101.2699  EEL     =  -333195.4693  HBOND      =        0.0000
 1-4 VDW =     1460.5416  1-4 EEL =    17663.8173  RESTRAINT  =        0.0000


   NSTEP       ENERGY          RMS            GMAX         NAME    NUMBER
   3900      -2.4577E+05     6.9661E-02     4.0019E+00     CG        399

 BOND    =    17908.9579  ANGLE   =     1206.1366  DIHED      =     5139.7902
 VDWAALS =    44140.6451  EEL     =  -333286.9599  HBOND      =        0.0000
 1-4 VDW =     1460.5419  1-4 EEL =    17663.3456  RESTRAINT  =        0.0000


   NSTEP       ENERGY          RMS            GMAX         NAME    NUMBER
   4000      -2.4581E+05     1.9047E-01     1.6472E+01     CG        399

 BOND    =    17918.6623  ANGLE   =     1206.1747  DIHED      =     5139.5899
 VDWAALS =    44178.4504  EEL     =  -333376.7976  HBOND      =        0.0000
 1-4 VDW =     1460.5401  1-4 EEL =    17662.8391  RESTRAINT  =        0.0000


   NSTEP       ENERGY          RMS            GMAX         NAME    NUMBER
   4100      -2.4586E+05     1.8019E-01     1.5060E+01     CG        399

 BOND    =    17926.9714  ANGLE   =     1206.0079  DIHED      =     5139.5141
 VDWAALS =    44214.6278  EEL     =  -333464.9617  HBOND      =        0.0000
 1-4 VDW =     1460.5274  1-4 EEL =    17662.3054  RESTRAINT  =        0.0000


   NSTEP       ENERGY          RMS            GMAX         NAME    NUMBER
   4200      -2.4590E+05     1.0640E-01     8.0216E+00     CG        399

 BOND    =    17934.8084  ANGLE   =     1205.9885  DIHED      =     5139.4443
 VDWAALS =    44250.0838  EEL     =  -333551.6223  HBOND      =        0.0000
 1-4 VDW =     1460.5019  1-4 EEL =    17661.7818  RESTRAINT  =        0.0000


   NSTEP       ENERGY          RMS            GMAX         NAME    NUMBER
   4300      -2.4594E+05     7.6714E-02     4.6302E+00     CG        399

 BOND    =    17943.4390  ANGLE   =     1206.0215  DIHED      =     5139.4160
 VDWAALS =    44288.2689  EEL     =  -333641.9545  HBOND      =        0.0000
 1-4 VDW =     1460.4753  1-4 EEL =    17661.1974  RESTRAINT  =        0.0000


   NSTEP       ENERGY          RMS            GMAX         NAME    NUMBER
   4400      -2.4598E+05     5.8826E-02     2.2607E+00     CG        399

 BOND    =    17951.7580  ANGLE   =     1206.1168  DIHED      =     5139.3485
 VDWAALS =    44325.1678  EEL     =  -333727.6256  HBOND      =        0.0000
 1-4 VDW =     1460.4427  1-4 EEL =    17660.6193  RESTRAINT  =        0.0000


   NSTEP       ENERGY          RMS            GMAX         NAME    NUMBER
   4500      -2.4602E+05     6.7662E-02     3.9906E+00     CG        399

 BOND    =    17959.7430  ANGLE   =     1206.1650  DIHED      =     5139.3194
 VDWAALS =    44360.4806  EEL     =  -333809.2685  HBOND      =        0.0000
 1-4 VDW =     1460.3941  1-4 EEL =    17660.0377  RESTRAINT  =        0.0000


   NSTEP       ENERGY          RMS            GMAX         NAME    NUMBER
   4600      -2.4606E+05     1.8359E-01     1.5937E+01     CG        399

 BOND    =    17968.6141  ANGLE   =     1206.2396  DIHED      =     5139.3130
 VDWAALS =    44395.6620  EEL     =  -333891.9018  HBOND      =        0.0000
 1-4 VDW =     1460.3419  1-4 EEL =    17659.4183  RESTRAINT  =        0.0000


   NSTEP       ENERGY          RMS            GMAX         NAME    NUMBER
   4700      -2.4610E+05     1.5298E-01     1.3313E+01     CG        399

 BOND    =    17975.9975  ANGLE   =     1206.3429  DIHED      =     5139.2336
 VDWAALS =    44428.7226  EEL     =  -333970.5816  HBOND      =        0.0000
 1-4 VDW =     1460.2517  1-4 EEL =    17658.8433  RESTRAINT  =        0.0000


   NSTEP       ENERGY          RMS            GMAX         NAME    NUMBER
   4800      -2.4614E+05     1.3705E-01     1.1649E+01     CG        399

 BOND    =    17983.4207  ANGLE   =     1206.2618  DIHED      =     5139.1668
 VDWAALS =    44460.7972  EEL     =  -334047.9290  HBOND      =        0.0000
 1-4 VDW =     1460.2050  1-4 EEL =    17658.2358  RESTRAINT  =        0.0000


   NSTEP       ENERGY          RMS            GMAX         NAME    NUMBER
   4900      -2.4618E+05     7.3152E-02     4.2462E+00     CG        399

 BOND    =    17990.5621  ANGLE   =     1206.3481  DIHED      =     5138.9634
 VDWAALS =    44492.7000  EEL     =  -334125.7817  HBOND      =        0.0000
 1-4 VDW =     1460.1687  1-4 EEL =    17657.6367  RESTRAINT  =        0.0000


   NSTEP       ENERGY          RMS            GMAX         NAME    NUMBER
   5000      -2.4622E+05     5.6608E-02     2.4704E+00     H1      42803

 BOND    =    17997.7328  ANGLE   =     1206.4214  DIHED      =     5138.7754
 VDWAALS =    44523.1855  EEL     =  -334201.4358  HBOND      =        0.0000
 1-4 VDW =     1460.1640  1-4 EEL =    17657.0903  RESTRAINT  =        0.0000


   NSTEP       ENERGY          RMS            GMAX         NAME    NUMBER
   5100      -2.4662E+05     1.7724E-01     2.1446E+01     CD       5032

 BOND    =    18093.1572  ANGLE   =     1207.3045  DIHED      =     5136.8777
 VDWAALS =    44931.3408  EEL     =  -335104.4529  HBOND      =        0.0000
 1-4 VDW =     1460.5366  1-4 EEL =    17652.3199  RESTRAINT  =        0.0000


   NSTEP       ENERGY          RMS            GMAX         NAME    NUMBER
   5200      -2.4676E+05     2.0245E-01     2.1307E+01     OE2      5034

 BOND    =    18106.0727  ANGLE   =     1208.4039  DIHED      =     5136.3817
 VDWAALS =    45037.0190  EEL     =  -335355.8443  HBOND      =        0.0000
 1-4 VDW =     1460.9642  1-4 EEL =    17651.0620  RESTRAINT  =        0.0000


   NSTEP       ENERGY          RMS            GMAX         NAME    NUMBER
   5300      -2.4689E+05     1.7788E-01     1.6605E+01     OE2      5034

 BOND    =    18139.2840  ANGLE   =     1208.9104  DIHED      =     5136.5242
 VDWAALS =    45153.6838  EEL     =  -335636.6957  HBOND      =        0.0000
 1-4 VDW =     1461.2615  1-4 EEL =    17649.4681  RESTRAINT  =        0.0000


   NSTEP       ENERGY          RMS            GMAX         NAME    NUMBER
   5400      -2.4709E+05     2.8800E-01     2.1622E+01     C4       7268

 BOND    =    18173.8975  ANGLE   =     1210.2318  DIHED      =     5136.2278
 VDWAALS =    45366.7950  EEL     =  -336081.4417  HBOND      =        0.0000
 1-4 VDW =     1461.2474  1-4 EEL =    17647.5654  RESTRAINT  =        0.0000


   NSTEP       ENERGY          RMS            GMAX         NAME    NUMBER
   5500      -2.4727E+05     2.7221E-01     2.2653E+01     CG       5029

 BOND    =    18217.0903  ANGLE   =     1210.3940  DIHED      =     5136.2512
 VDWAALS =    45535.3411  EEL     =  -336472.2693  HBOND      =        0.0000
 1-4 VDW =     1461.2575  1-4 EEL =    17646.6023  RESTRAINT  =        0.0000


   NSTEP       ENERGY          RMS            GMAX         NAME    NUMBER
   5600      -2.4736E+05     1.1465E-01     9.4003E+00     CG        801

 BOND    =    18235.4369  ANGLE   =     1210.4137  DIHED      =     5135.7881
 VDWAALS =    45632.3071  EEL     =  -336679.4968  HBOND      =        0.0000
 1-4 VDW =     1461.2525  1-4 EEL =    17646.3124  RESTRAINT  =        0.0000


   NSTEP       ENERGY          RMS            GMAX         NAME    NUMBER
   5700      -2.4745E+05     9.8556E-02     5.4844E+00     CG       5044

 BOND    =    18255.6485  ANGLE   =     1210.4025  DIHED      =     5135.4137
 VDWAALS =    45727.0989  EEL     =  -336887.1959  HBOND      =        0.0000
 1-4 VDW =     1461.3680  1-4 EEL =    17646.3530  RESTRAINT  =        0.0000


   NSTEP       ENERGY          RMS            GMAX         NAME    NUMBER
   5800      -2.4754E+05     9.4189E-02     5.7948E+00     Na+      7432

 BOND    =    18273.7173  ANGLE   =     1210.5373  DIHED      =     5135.4319
 VDWAALS =    45807.1692  EEL     =  -337073.0499  HBOND      =        0.0000
 1-4 VDW =     1461.4635  1-4 EEL =    17646.7150  RESTRAINT  =        0.0000


   NSTEP       ENERGY          RMS            GMAX         NAME    NUMBER
   5900      -2.4761E+05     9.9001E-02     6.6396E+00     CA       5024

 BOND    =    18288.2613  ANGLE   =     1210.5232  DIHED      =     5135.6604
 VDWAALS =    45873.9207  EEL     =  -337225.3498  HBOND      =        0.0000
 1-4 VDW =     1461.6733  1-4 EEL =    17646.9793  RESTRAINT  =        0.0000


   NSTEP       ENERGY          RMS            GMAX         NAME    NUMBER
   6000      -2.4769E+05     1.1040E-01     9.7591E+00     Na+      7432

 BOND    =    18303.7728  ANGLE   =     1210.6989  DIHED      =     5135.9776
 VDWAALS =    45946.5288  EEL     =  -337394.6165  HBOND      =        0.0000
 1-4 VDW =     1461.7844  1-4 EEL =    17646.9945  RESTRAINT  =        0.0000


   NSTEP       ENERGY          RMS            GMAX         NAME    NUMBER
   6100      -2.4775E+05     1.2805E-01     1.1038E+01     Na+      7432

 BOND    =    18318.7204  ANGLE   =     1210.5773  DIHED      =     5135.8897
 VDWAALS =    46012.7923  EEL     =  -337541.4002  HBOND      =        0.0000
 1-4 VDW =     1461.7054  1-4 EEL =    17646.7568  RESTRAINT  =        0.0000


   NSTEP       ENERGY          RMS            GMAX         NAME    NUMBER
   6200      -2.4782E+05     1.5282E-01     1.3874E+01     CG        801

 BOND    =    18331.9171  ANGLE   =     1210.4709  DIHED      =     5135.6768
 VDWAALS =    46072.3388  EEL     =  -337674.6844  HBOND      =        0.0000
 1-4 VDW =     1461.7795  1-4 EEL =    17646.3635  RESTRAINT  =        0.0000


   NSTEP       ENERGY          RMS            GMAX         NAME    NUMBER
   6300      -2.4788E+05     1.2786E-01     9.6643E+00     CA       5024

 BOND    =    18347.3821  ANGLE   =     1210.3511  DIHED      =     5135.4092
 VDWAALS =    46142.5517  EEL     =  -337828.3400  HBOND      =        0.0000
 1-4 VDW =     1461.8806  1-4 EEL =    17646.0645  RESTRAINT  =        0.0000


   NSTEP       ENERGY          RMS            GMAX         NAME    NUMBER
   6400      -2.4796E+05     1.0193E-01     6.7058E+00     Na+      7432

 BOND    =    18365.2613  ANGLE   =     1210.3143  DIHED      =     5135.0428
 VDWAALS =    46227.5542  EEL     =  -338007.0673  HBOND      =        0.0000
 1-4 VDW =     1461.9620  1-4 EEL =    17645.8099  RESTRAINT  =        0.0000


   NSTEP       ENERGY          RMS            GMAX         NAME    NUMBER
   6500      -2.4808E+05     1.1524E-01     7.0839E+00     H1      58304

 BOND    =    18394.9777  ANGLE   =     1210.5901  DIHED      =     5134.4299
 VDWAALS =    46346.3182  EEL     =  -338270.8835  HBOND      =        0.0000
 1-4 VDW =     1462.0702  1-4 EEL =    17645.7134  RESTRAINT  =        0.0000


   NSTEP       ENERGY          RMS            GMAX         NAME    NUMBER
   6600      -2.4817E+05     8.0293E-02     5.9404E+00     CG       5044

 BOND    =    18412.3773  ANGLE   =     1210.3259  DIHED      =     5133.7411
 VDWAALS =    46446.2146  EEL     =  -338486.3330  HBOND      =        0.0000
 1-4 VDW =     1462.4812  1-4 EEL =    17646.8440  RESTRAINT  =        0.0000


   NSTEP       ENERGY          RMS            GMAX         NAME    NUMBER
   6700      -2.4827E+05     8.9983E-02     5.9196E+00     CD       5032

 BOND    =    18433.2110  ANGLE   =     1210.2069  DIHED      =     5133.0621
 VDWAALS =    46545.7724  EEL     =  -338704.5452  HBOND      =        0.0000
 1-4 VDW =     1462.8658  1-4 EEL =    17648.2582  RESTRAINT  =        0.0000


   NSTEP       ENERGY          RMS            GMAX         NAME    NUMBER
   6800      -2.4836E+05     1.2493E-01     1.1051E+01     CG       5044

 BOND    =    18456.7184  ANGLE   =     1210.0819  DIHED      =     5132.6066
 VDWAALS =    46646.3664  EEL     =  -338921.8223  HBOND      =        0.0000
 1-4 VDW =     1463.3575  1-4 EEL =    17649.1590  RESTRAINT  =        0.0000


   NSTEP       ENERGY          RMS            GMAX         NAME    NUMBER
   6900      -2.4842E+05     1.0377E-01     6.8998E+00     CG       5044

 BOND    =    18465.5417  ANGLE   =     1209.7078  DIHED      =     5132.3970
 VDWAALS =    46714.7727  EEL     =  -339059.6895  HBOND      =        0.0000
 1-4 VDW =     1463.8372  1-4 EEL =    17650.2040  RESTRAINT  =        0.0000


   NSTEP       ENERGY          RMS            GMAX         NAME    NUMBER
   7000      -2.4848E+05     1.2744E-01     9.7460E+00     CG       5029

 BOND    =    18478.0038  ANGLE   =     1210.2858  DIHED      =     5132.1210
 VDWAALS =    46778.9569  EEL     =  -339189.5652  HBOND      =        0.0000
 1-4 VDW =     1464.0567  1-4 EEL =    17650.7822  RESTRAINT  =        0.0000


   NSTEP       ENERGY          RMS            GMAX         NAME    NUMBER
   7100      -2.4853E+05     1.8339E-01     1.5352E+01     CG       5029

 BOND    =    18490.9118  ANGLE   =     1211.6521  DIHED      =     5132.0102
 VDWAALS =    46841.7974  EEL     =  -339317.6635  HBOND      =        0.0000
 1-4 VDW =     1464.2253  1-4 EEL =    17651.1148  RESTRAINT  =        0.0000


   NSTEP       ENERGY          RMS            GMAX         NAME    NUMBER
   7200      -2.4860E+05     1.9133E-01     1.5172E+01     HG3      5031

 BOND    =    18514.0961  ANGLE   =     1210.8045  DIHED      =     5131.8826
 VDWAALS =    46931.2820  EEL     =  -339506.2575  HBOND      =        0.0000
 1-4 VDW =     1464.3902  1-4 EEL =    17651.0738  RESTRAINT  =        0.0000


   NSTEP       ENERGY          RMS            GMAX         NAME    NUMBER
   7300      -2.4868E+05     2.4295E-01     1.3466E+01     H1      37799

 BOND    =    18532.9294  ANGLE   =     1209.3985  DIHED      =     5131.5923
 VDWAALS =    47035.0272  EEL     =  -339705.8699  HBOND      =        0.0000
 1-4 VDW =     1464.4209  1-4 EEL =    17651.9228  RESTRAINT  =        0.0000


   NSTEP       ENERGY          RMS            GMAX         NAME    NUMBER
   7400      -2.4877E+05     1.2150E-01     7.9769E+00     HG3      5031

 BOND    =    18547.4709  ANGLE   =     1209.2510  DIHED      =     5129.7915
 VDWAALS =    47098.1948  EEL     =  -339871.9279  HBOND      =        0.0000
 1-4 VDW =     1465.0854  1-4 EEL =    17655.0960  RESTRAINT  =        0.0000


   NSTEP       ENERGY          RMS            GMAX         NAME    NUMBER
   7500      -2.4881E+05     1.2100E-01     7.0184E+00     CG       5044

 BOND    =    18554.2598  ANGLE   =     1208.7786  DIHED      =     5129.8243
 VDWAALS =    47141.0127  EEL     =  -339960.6498  HBOND      =        0.0000
 1-4 VDW =     1465.7023  1-4 EEL =    17655.4969  RESTRAINT  =        0.0000


   NSTEP       ENERGY          RMS            GMAX         NAME    NUMBER
   7600      -2.4884E+05     1.3591E-01     9.1237E+00     CD       1452

 BOND    =    18564.2415  ANGLE   =     1208.6804  DIHED      =     5129.8749
 VDWAALS =    47185.9487  EEL     =  -340053.7344  HBOND      =        0.0000
 1-4 VDW =     1466.2186  1-4 EEL =    17655.7542  RESTRAINT  =        0.0000


   NSTEP       ENERGY          RMS            GMAX         NAME    NUMBER
   7700      -2.4888E+05     9.7107E-02     7.6199E+00     CB       5041

 BOND    =    18569.4269  ANGLE   =     1207.7838  DIHED      =     5129.8762
 VDWAALS =    47218.3069  EEL     =  -340124.7632  HBOND      =        0.0000
 1-4 VDW =     1466.8503  1-4 EEL =    17655.8203  RESTRAINT  =        0.0000


   NSTEP       ENERGY          RMS            GMAX         NAME    NUMBER
   7800      -2.4897E+05     9.5338E-02     7.8449E+00     Na+      7432

 BOND    =    18592.1275  ANGLE   =     1207.4104  DIHED      =     5130.1543
 VDWAALS =    47329.9296  EEL     =  -340356.6453  HBOND      =        0.0000
 1-4 VDW =     1467.9615  1-4 EEL =    17658.3851  RESTRAINT  =        0.0000


   NSTEP       ENERGY          RMS            GMAX         NAME    NUMBER
   7900      -2.4901E+05     9.3209E-02     8.0386E+00     CG       5029

 BOND    =    18602.2333  ANGLE   =     1207.3672  DIHED      =     5130.4010
 VDWAALS =    47371.4888  EEL     =  -340449.9499  HBOND      =        0.0000
 1-4 VDW =     1468.2910  1-4 EEL =    17658.9850  RESTRAINT  =        0.0000


   NSTEP       ENERGY          RMS            GMAX         NAME    NUMBER
   8000      -2.4905E+05     9.0470E-02     9.2535E+00     Na+      7432

 BOND    =    18610.5816  ANGLE   =     1207.3441  DIHED      =     5130.8578
 VDWAALS =    47414.6732  EEL     =  -340542.1627  HBOND      =        0.0000
 1-4 VDW =     1468.5339  1-4 EEL =    17659.3761  RESTRAINT  =        0.0000


   NSTEP       ENERGY          RMS            GMAX         NAME    NUMBER
   8100      -2.4909E+05     1.1351E-01     1.4033E+01     Na+      7432

 BOND    =    18618.3778  ANGLE   =     1207.6049  DIHED      =     5131.3476
 VDWAALS =    47453.4143  EEL     =  -340627.1848  HBOND      =        0.0000
 1-4 VDW =     1468.7944  1-4 EEL =    17659.9245  RESTRAINT  =        0.0000


   NSTEP       ENERGY          RMS            GMAX         NAME    NUMBER
   8200      -2.4913E+05     1.7324E-01     1.9264E+01     Na+      7432

 BOND    =    18626.3780  ANGLE   =     1208.0657  DIHED      =     5131.8952
 VDWAALS =    47491.9910  EEL     =  -340714.2641  HBOND      =        0.0000
 1-4 VDW =     1469.1129  1-4 EEL =    17660.6948  RESTRAINT  =        0.0000


   NSTEP       ENERGY          RMS            GMAX         NAME    NUMBER
   8300      -2.4917E+05     1.3440E-01     1.3220E+01     CG       5029

 BOND    =    18633.3399  ANGLE   =     1207.7437  DIHED      =     5132.1339
 VDWAALS =    47523.2634  EEL     =  -340794.3533  HBOND      =        0.0000
 1-4 VDW =     1469.4154  1-4 EEL =    17661.3549  RESTRAINT  =        0.0000


   NSTEP       ENERGY          RMS            GMAX         NAME    NUMBER
   8400      -2.4920E+05     9.3317E-02     8.1907E+00     Na+      7432

 BOND    =    18638.9875  ANGLE   =     1207.2282  DIHED      =     5132.3688
 VDWAALS =    47550.0557  EEL     =  -340864.7146  HBOND      =        0.0000
 1-4 VDW =     1469.7416  1-4 EEL =    17661.9583  RESTRAINT  =        0.0000


   NSTEP       ENERGY          RMS            GMAX         NAME    NUMBER
   8500      -2.4924E+05     1.0895E-01     9.4200E+00     CG       5029

 BOND    =    18646.6645  ANGLE   =     1207.0952  DIHED      =     5132.6178
 VDWAALS =    47580.0506  EEL     =  -340936.9425  HBOND      =        0.0000
 1-4 VDW =     1470.0359  1-4 EEL =    17662.6109  RESTRAINT  =        0.0000


   NSTEP       ENERGY          RMS            GMAX         NAME    NUMBER
   8600      -2.4927E+05     1.2255E-01     1.5592E+01     Na+      7432

 BOND    =    18653.0418  ANGLE   =     1207.2637  DIHED      =     5132.8319
 VDWAALS =    47612.5090  EEL     =  -341010.0254  HBOND      =        0.0000
 1-4 VDW =     1470.3120  1-4 EEL =    17663.4903  RESTRAINT  =        0.0000


   NSTEP       ENERGY          RMS            GMAX         NAME    NUMBER
   8700      -2.4931E+05     2.0129E-01     2.7028E+01     Na+      7432

 BOND    =    18660.8264  ANGLE   =     1207.4390  DIHED      =     5133.0383
 VDWAALS =    47648.7017  EEL     =  -341095.4160  HBOND      =        0.0000
 1-4 VDW =     1470.6497  1-4 EEL =    17664.4448  RESTRAINT  =        0.0000


   NSTEP       ENERGY          RMS            GMAX         NAME    NUMBER
   8800      -2.4936E+05     1.9538E-01     2.3083E+01     Na+      7432

 BOND    =    18673.8705  ANGLE   =     1207.2764  DIHED      =     5133.2119
 VDWAALS =    47693.6112  EEL     =  -341206.9113  HBOND      =        0.0000
 1-4 VDW =     1470.8654  1-4 EEL =    17665.5201  RESTRAINT  =        0.0000


   NSTEP       ENERGY          RMS            GMAX         NAME    NUMBER
   8900      -2.4942E+05     1.1685E-01     6.1939E+00     CG        801

 BOND    =    18682.5080  ANGLE   =     1206.8978  DIHED      =     5133.2630
 VDWAALS =    47753.9997  EEL     =  -341332.7263  HBOND      =        0.0000
 1-4 VDW =     1471.1801  1-4 EEL =    17666.3225  RESTRAINT  =        0.0000


   NSTEP       ENERGY          RMS            GMAX         NAME    NUMBER
   9000      -2.4946E+05     1.1878E-01     1.3203E+01     CB       5041

 BOND    =    18691.3360  ANGLE   =     1207.0042  DIHED      =     5133.3352
 VDWAALS =    47794.6137  EEL     =  -341422.0368  HBOND      =        0.0000
 1-4 VDW =     1471.5548  1-4 EEL =    17666.7166  RESTRAINT  =        0.0000


   NSTEP       ENERGY          RMS            GMAX         NAME    NUMBER
   9100      -2.4948E+05     1.0701E-01     1.0313E+01     CB       5041

 BOND    =    18697.1522  ANGLE   =     1206.8346  DIHED      =     5133.4141
 VDWAALS =    47823.8112  EEL     =  -341485.1167  HBOND      =        0.0000
 1-4 VDW =     1471.7322  1-4 EEL =    17667.3988  RESTRAINT  =        0.0000


   NSTEP       ENERGY          RMS            GMAX         NAME    NUMBER
   9200      -2.4951E+05     1.4382E-01     1.2443E+01     CB       5041

 BOND    =    18705.0985  ANGLE   =     1207.0041  DIHED      =     5133.5107
 VDWAALS =    47856.9000  EEL     =  -341556.5807  HBOND      =        0.0000
 1-4 VDW =     1471.8934  1-4 EEL =    17668.0061  RESTRAINT  =        0.0000


   NSTEP       ENERGY          RMS            GMAX         NAME    NUMBER
   9300      -2.4954E+05     1.2757E-01     1.2055E+01     Na+      7432

 BOND    =    18711.6374  ANGLE   =     1207.1214  DIHED      =     5133.3262
 VDWAALS =    47894.7355  EEL     =  -341632.0208  HBOND      =        0.0000
 1-4 VDW =     1472.0004  1-4 EEL =    17668.7580  RESTRAINT  =        0.0000


   NSTEP       ENERGY          RMS            GMAX         NAME    NUMBER
   9400      -2.4959E+05     1.7913E-01     2.1787E+01     Na+      7432

 BOND    =    18722.6788  ANGLE   =     1208.1680  DIHED      =     5133.1704
 VDWAALS =    47948.3750  EEL     =  -341742.4581  HBOND      =        0.0000
 1-4 VDW =     1471.8336  1-4 EEL =    17669.7764  RESTRAINT  =        0.0000


   NSTEP       ENERGY          RMS            GMAX         NAME    NUMBER
   9500      -2.4964E+05     1.0767E-01     7.8334E+00     CA       5024

 BOND    =    18732.2168  ANGLE   =     1207.5083  DIHED      =     5131.8653
 VDWAALS =    47993.7042  EEL     =  -341849.7278  HBOND      =        0.0000
 1-4 VDW =     1472.1618  1-4 EEL =    17669.6629  RESTRAINT  =        0.0000


   NSTEP       ENERGY          RMS            GMAX         NAME    NUMBER
   9600      -2.4967E+05     1.2203E-01     8.4389E+00     CD       1914

 BOND    =    18742.8517  ANGLE   =     1207.4121  DIHED      =     5130.9055
 VDWAALS =    48027.8674  EEL     =  -341923.0185  HBOND      =        0.0000
 1-4 VDW =     1472.2046  1-4 EEL =    17669.9642  RESTRAINT  =        0.0000


   NSTEP       ENERGY          RMS            GMAX         NAME    NUMBER
   9700      -2.4971E+05     1.3757E-01     9.3555E+00     CG        420

 BOND    =    18752.0111  ANGLE   =     1207.3804  DIHED      =     5130.0727
 VDWAALS =    48062.3951  EEL     =  -342000.0580  HBOND      =        0.0000
 1-4 VDW =     1472.1162  1-4 EEL =    17670.1363  RESTRAINT  =        0.0000


   NSTEP       ENERGY          RMS            GMAX         NAME    NUMBER
   9800      -2.4974E+05     1.4607E-01     7.0245E+00     CG        420

 BOND    =    18754.6832  ANGLE   =     1207.3822  DIHED      =     5129.5538
 VDWAALS =    48086.7540  EEL     =  -342060.4078  HBOND      =        0.0000
 1-4 VDW =     1472.1154  1-4 EEL =    17670.2761  RESTRAINT  =        0.0000


   NSTEP       ENERGY          RMS            GMAX         NAME    NUMBER
   9900      -2.4977E+05     1.3042E-01     6.3043E+00     O       32626

 BOND    =    18760.4030  ANGLE   =     1207.2255  DIHED      =     5129.2223
 VDWAALS =    48111.5255  EEL     =  -342123.8879  HBOND      =        0.0000
 1-4 VDW =     1472.1480  1-4 EEL =    17670.5428  RESTRAINT  =        0.0000


   NSTEP       ENERGY          RMS            GMAX         NAME    NUMBER
  10000      -2.4980E+05     4.5808E-01     3.9821E+01     CG       5029

 BOND    =    18771.1777  ANGLE   =     1208.3039  DIHED      =     5129.2225
 VDWAALS =    48134.7305  EEL     =  -342190.0020  HBOND      =        0.0000
 1-4 VDW =     1472.1691  1-4 EEL =    17670.8233  RESTRAINT  =        0.0000


  Maximum number of minimization cycles reached.


                    FINAL RESULTS



   NSTEP       ENERGY          RMS            GMAX         NAME    NUMBER
  10000      -2.4980E+05     4.5808E-01     3.9821E+01     CG       5029

 BOND    =    18771.1777  ANGLE   =     1208.3039  DIHED      =     5129.2225
 VDWAALS =    48134.7305  EEL     =  -342190.0020  HBOND      =        0.0000
 1-4 VDW =     1472.1691  1-4 EEL =    17670.8233  RESTRAINT  =        0.0000

--------------------------------------------------------------------------------
   5.  TIMINGS
--------------------------------------------------------------------------------

|                Build the list             0.84 (23.99% of List )
|                Other                      2.65 (76.01% of List )
|             List time                  3.48 ( 1.21% of Nonbo)
|                   Short_ene time           168.20 (90.56% of Direc)
|                   Other                     17.53 ( 9.44% of Direc)
|                Direct Ewald time        185.73 (65.41% of Ewald)
|                Adjust Ewald time          0.97 ( 0.34% of Ewald)
|                Self Ewald time            0.03 ( 0.01% of Ewald)
|                   Fill Bspline coeffs        5.87 (13.51% of Recip)
|                   Fill charge grid           3.41 ( 7.85% of Recip)
|                   Scalar sum                 5.50 (12.66% of Recip)
|                   Grad sum                   5.40 (12.44% of Recip)
|                      FFT back comm time         4.82 (21.44% of FFT t)
|                      Other                     17.68 (78.56% of FFT t)
|                   FFT time                  22.50 (51.82% of Recip)
|                   Other                      0.74 ( 1.71% of Recip)
|                Recip Ewald time          43.43 (15.29% of Ewald)
|                Force Adjust              47.77 (16.82% of Ewald)
|                Virial junk                5.40 ( 1.90% of Ewald)
|                Other                      0.63 ( 0.22% of Ewald)
|             Ewald time               283.96 (98.79% of Nonbo)
|          Nonbond force            287.45 (87.60% of Force)
|          Bond/Angle/Dihedral        3.17 ( 0.97% of Force)
|          FRC Collect time          26.48 ( 8.07% of Force)
|          Other                     11.02 ( 3.36% of Force)
|       Force time               328.12 (100.0% of Runmd)
|    Runmd Time               328.12 (86.38% of Total)
|    Other                     51.72 (13.62% of Total)
| Total time               379.85 (100.0% of ALL  )

| Highest rstack allocated:     200217
| Highest istack allocated:       4985
|           Job began  at 01:15:05.858  on 12/12/2024
|           Setup done at 01:15:06.618  on 12/12/2024
|           Run   done at 01:21:25.712  on 12/12/2024
|     wallclock() was called  440120 times
